{"/Users/ale/Documents/unige/Anno terzo/Strumenti Per Lo Sviluppo E Gestione Del Software/ssgs-projects/ssgs-calc/src/index.js": {"path":"/Users/ale/Documents/unige/Anno terzo/Strumenti Per Lo Sviluppo E Gestione Del Software/ssgs-projects/ssgs-calc/src/index.js","statementMap":{"0":{"start":{"line":1,"column":17},"end":{"line":1,"column":36}},"1":{"start":{"line":2,"column":19},"end":{"line":2,"column":41}},"2":{"start":{"line":4,"column":11},"end":{"line":7,"column":2}},"3":{"start":{"line":9,"column":0},"end":{"line":9,"column":45}},"4":{"start":{"line":10,"column":0},"end":{"line":10,"column":37}},"5":{"start":{"line":11,"column":0},"end":{"line":11,"column":24}},"6":{"start":{"line":12,"column":0},"end":{"line":12,"column":30}},"7":{"start":{"line":13,"column":0},"end":{"line":13,"column":34}},"8":{"start":{"line":14,"column":0},"end":{"line":14,"column":28}},"9":{"start":{"line":15,"column":0},"end":{"line":15,"column":26}},"10":{"start":{"line":17,"column":0},"end":{"line":52,"column":3}},"11":{"start":{"line":18,"column":4},"end":{"line":22,"column":5}},"12":{"start":{"line":19,"column":8},"end":{"line":19,"column":55}},"13":{"start":{"line":20,"column":8},"end":{"line":20,"column":19}},"14":{"start":{"line":21,"column":8},"end":{"line":21,"column":15}},"15":{"start":{"line":24,"column":4},"end":{"line":51,"column":7}},"16":{"start":{"line":25,"column":8},"end":{"line":50,"column":11}},"17":{"start":{"line":26,"column":18},"end":{"line":26,"column":34}},"18":{"start":{"line":27,"column":18},"end":{"line":27,"column":34}},"19":{"start":{"line":30,"column":8},"end":{"line":46,"column":9}},"20":{"start":{"line":32,"column":12},"end":{"line":32,"column":42}},"21":{"start":{"line":33,"column":12},"end":{"line":33,"column":18}},"22":{"start":{"line":35,"column":12},"end":{"line":35,"column":47}},"23":{"start":{"line":36,"column":12},"end":{"line":36,"column":18}},"24":{"start":{"line":38,"column":12},"end":{"line":38,"column":47}},"25":{"start":{"line":39,"column":12},"end":{"line":39,"column":18}},"26":{"start":{"line":41,"column":12},"end":{"line":41,"column":45}},"27":{"start":{"line":42,"column":12},"end":{"line":42,"column":18}},"28":{"start":{"line":44,"column":12},"end":{"line":44,"column":44}},"29":{"start":{"line":45,"column":12},"end":{"line":45,"column":18}},"30":{"start":{"line":48,"column":8},"end":{"line":48,"column":49}},"31":{"start":{"line":49,"column":8},"end":{"line":49,"column":19}}},"fnMap":{"0":{"name":"(anonymous_0)","decl":{"start":{"line":17,"column":47},"end":{"line":17,"column":48}},"loc":{"start":{"line":17,"column":62},"end":{"line":52,"column":1}},"line":17},"1":{"name":"(anonymous_1)","decl":{"start":{"line":24,"column":47},"end":{"line":24,"column":48}},"loc":{"start":{"line":24,"column":57},"end":{"line":51,"column":5}},"line":24},"2":{"name":"(anonymous_2)","decl":{"start":{"line":25,"column":53},"end":{"line":25,"column":54}},"loc":{"start":{"line":25,"column":63},"end":{"line":50,"column":9}},"line":25}},"branchMap":{"0":{"loc":{"start":{"line":18,"column":4},"end":{"line":22,"column":5}},"type":"if","locations":[{"start":{"line":18,"column":4},"end":{"line":22,"column":5}},{"start":{},"end":{}}],"line":18},"1":{"loc":{"start":{"line":30,"column":8},"end":{"line":46,"column":9}},"type":"switch","locations":[{"start":{"line":31,"column":12},"end":{"line":33,"column":18}},{"start":{"line":34,"column":12},"end":{"line":36,"column":18}},{"start":{"line":37,"column":12},"end":{"line":39,"column":18}},{"start":{"line":40,"column":12},"end":{"line":42,"column":18}},{"start":{"line":43,"column":12},"end":{"line":45,"column":18}}],"line":30}},"s":{"0":0,"1":0,"2":0,"3":0,"4":0,"5":0,"6":0,"7":0,"8":0,"9":0,"10":0,"11":0,"12":0,"13":0,"14":0,"15":0,"16":0,"17":0,"18":0,"19":0,"20":0,"21":0,"22":0,"23":0,"24":0,"25":0,"26":0,"27":0,"28":0,"29":0,"30":0,"31":0},"f":{"0":0,"1":0,"2":0},"b":{"0":[0,0],"1":[0,0,0,0,0]}}
,"/Users/ale/Documents/unige/Anno terzo/Strumenti Per Lo Sviluppo E Gestione Del Software/ssgs-projects/ssgs-calc/src/operation.js": {"path":"/Users/ale/Documents/unige/Anno terzo/Strumenti Per Lo Sviluppo E Gestione Del Software/ssgs-projects/ssgs-calc/src/operation.js","statementMap":{"0":{"start":{"line":2,"column":2},"end":{"line":2,"column":15}},"1":{"start":{"line":6,"column":4},"end":{"line":6,"column":17}},"2":{"start":{"line":10,"column":4},"end":{"line":10,"column":17}},"3":{"start":{"line":14,"column":4},"end":{"line":16,"column":5}},"4":{"start":{"line":15,"column":8},"end":{"line":15,"column":55}},"5":{"start":{"line":17,"column":4},"end":{"line":17,"column":17}},"6":{"start":{"line":21,"column":4},"end":{"line":21,"column":26}},"7":{"start":{"line":24,"column":0},"end":{"line":30,"column":2}}},"fnMap":{"0":{"name":"add","decl":{"start":{"line":1,"column":9},"end":{"line":1,"column":12}},"loc":{"start":{"line":1,"column":19},"end":{"line":3,"column":1}},"line":1},"1":{"name":"subtract","decl":{"start":{"line":5,"column":9},"end":{"line":5,"column":17}},"loc":{"start":{"line":5,"column":24},"end":{"line":7,"column":1}},"line":5},"2":{"name":"multiply","decl":{"start":{"line":9,"column":9},"end":{"line":9,"column":17}},"loc":{"start":{"line":9,"column":24},"end":{"line":11,"column":1}},"line":9},"3":{"name":"divide","decl":{"start":{"line":13,"column":9},"end":{"line":13,"column":15}},"loc":{"start":{"line":13,"column":22},"end":{"line":18,"column":1}},"line":13},"4":{"name":"power","decl":{"start":{"line":20,"column":9},"end":{"line":20,"column":14}},"loc":{"start":{"line":20,"column":21},"end":{"line":22,"column":1}},"line":20}},"branchMap":{"0":{"loc":{"start":{"line":14,"column":4},"end":{"line":16,"column":5}},"type":"if","locations":[{"start":{"line":14,"column":4},"end":{"line":16,"column":5}},{"start":{},"end":{}}],"line":14}},"s":{"0":5,"1":5,"2":5,"3":4,"4":1,"5":3,"6":5,"7":1},"f":{"0":5,"1":5,"2":5,"3":4,"4":5},"b":{"0":[1,3]},"_coverageSchema":"1a1c01bbd47fc00a2c39e90264f33305004495a9","hash":"0bed5090637c3407a7f24de95952024b6df7f3e3"}
}
