{"/Users/ale/Documents/unige/Anno terzo/Strumenti Per Lo Sviluppo E Gestione Del Software/ssgs-projects/ssgs-calc/operation.js": {"path":"/Users/ale/Documents/unige/Anno terzo/Strumenti Per Lo Sviluppo E Gestione Del Software/ssgs-projects/ssgs-calc/operation.js","statementMap":{"0":{"start":{"line":2,"column":2},"end":{"line":2,"column":15}},"1":{"start":{"line":6,"column":4},"end":{"line":6,"column":17}},"2":{"start":{"line":10,"column":4},"end":{"line":10,"column":17}},"3":{"start":{"line":14,"column":4},"end":{"line":16,"column":5}},"4":{"start":{"line":15,"column":8},"end":{"line":15,"column":55}},"5":{"start":{"line":17,"column":4},"end":{"line":17,"column":17}},"6":{"start":{"line":21,"column":4},"end":{"line":21,"column":26}},"7":{"start":{"line":24,"column":0},"end":{"line":30,"column":2}}},"fnMap":{"0":{"name":"add","decl":{"start":{"line":1,"column":9},"end":{"line":1,"column":12}},"loc":{"start":{"line":1,"column":19},"end":{"line":3,"column":1}},"line":1},"1":{"name":"subtract","decl":{"start":{"line":5,"column":9},"end":{"line":5,"column":17}},"loc":{"start":{"line":5,"column":24},"end":{"line":7,"column":1}},"line":5},"2":{"name":"multiply","decl":{"start":{"line":9,"column":9},"end":{"line":9,"column":17}},"loc":{"start":{"line":9,"column":24},"end":{"line":11,"column":1}},"line":9},"3":{"name":"divide","decl":{"start":{"line":13,"column":9},"end":{"line":13,"column":15}},"loc":{"start":{"line":13,"column":22},"end":{"line":18,"column":1}},"line":13},"4":{"name":"power","decl":{"start":{"line":20,"column":9},"end":{"line":20,"column":14}},"loc":{"start":{"line":20,"column":21},"end":{"line":22,"column":1}},"line":20}},"branchMap":{"0":{"loc":{"start":{"line":14,"column":4},"end":{"line":16,"column":5}},"type":"if","locations":[{"start":{"line":14,"column":4},"end":{"line":16,"column":5}},{"start":{},"end":{}}],"line":14}},"s":{"0":1,"1":1,"2":1,"3":2,"4":1,"5":1,"6":1,"7":1},"f":{"0":1,"1":1,"2":1,"3":2,"4":1},"b":{"0":[1,1]},"_coverageSchema":"1a1c01bbd47fc00a2c39e90264f33305004495a9","hash":"f64c82f5ae9b984ab72136f5b95e1f9382455f1f"}
}
