TN:
SF:src/index.js
FN:17,(anonymous_0)
FN:24,(anonymous_1)
FN:25,(anonymous_2)
FNF:3
FNH:0
FNDA:0,(anonymous_0)
FNDA:0,(anonymous_1)
FNDA:0,(anonymous_2)
DA:1,0
DA:2,0
DA:4,0
DA:9,0
DA:10,0
DA:11,0
DA:12,0
DA:13,0
DA:14,0
DA:15,0
DA:17,0
DA:18,0
DA:19,0
DA:20,0
DA:21,0
DA:24,0
DA:25,0
DA:26,0
DA:27,0
DA:30,0
DA:32,0
DA:33,0
DA:35,0
DA:36,0
DA:38,0
DA:39,0
DA:41,0
DA:42,0
DA:44,0
DA:45,0
DA:48,0
DA:49,0
LF:32
LH:0
BRDA:18,0,0,0
BRDA:18,0,1,0
BRDA:30,1,0,0
BRDA:30,1,1,0
BRDA:30,1,2,0
BRDA:30,1,3,0
BRDA:30,1,4,0
BRF:7
BRH:0
end_of_record
TN:
SF:src/operation.js
FN:1,add
FN:5,subtract
FN:9,multiply
FN:13,divide
FN:20,power
FNF:5
FNH:5
FNDA:5,add
FNDA:5,subtract
FNDA:5,multiply
FNDA:4,divide
FNDA:5,power
DA:2,5
DA:6,5
DA:10,5
DA:14,4
DA:15,1
DA:17,3
DA:21,5
DA:24,1
LF:8
LH:8
BRDA:14,0,0,1
BRDA:14,0,1,3
BRF:2
BRH:2
end_of_record
